
> btc-station@0.1.0 dev
> next dev

 ⚠ Warning: Next.js inferred your workspace root, but it may not be correct.
 We detected multiple lockfiles and selected the directory of c:\Users\GAKU\package-lock.json as the root directory.
 To silence this warning, set `outputFileTracingRoot` in your Next.js config, or consider removing one of the lockfiles if it's not needed.
   See https://nextjs.org/docs/app/api-reference/config/next-config-js/output#caveats for more information.
 Detected additional lockfiles: 
   * c:\Users\GAKU\Desktop\BTC Tradingview assistant\btc-station\package-lock.json

   ▲ Next.js 15.5.15
   - Local:        http://localhost:3000
   - Network:      http://192.168.3.2:3000
   - Environments: .env.local

 ✓ Starting...
 ✓ Ready in 1655ms
 ○ Compiling /middleware ...
 ✓ Compiled /middleware in 593ms (166 modules)
<w> [webpack.cache.PackFileCacheStrategy] Serializing big strings (216kiB) impacts deserialization performance (consider using Buffer instead and decode when needed)
 ○ Compiling /api/chart/ticker ...
 ✓ Compiled /api/chart/ticker in 868ms (298 modules)
 GET /api/chart/ticker 200 in 1100ms
 GET /api/chart/ticker 200 in 95ms
 ○ Compiling /strategies/editor ...
 ✓ Compiled /strategies/editor in 2.8s (777 modules)
 GET /strategies/editor 200 in 3477ms
 GET /api/chart/ticker 200 in 94ms
 GET /api/chart/ticker 200 in 95ms
 GET /api/chart/ticker 200 in 100ms
 GET /api/chart/ticker 200 in 99ms
 GET /api/chart/ticker 200 in 96ms
 GET /api/chart/ticker 200 in 100ms
 GET /api/chart/ticker 200 in 94ms
 GET /api/chart/ticker 200 in 127ms
 GET /api/chart/ticker 200 in 109ms
 GET /api/chart/ticker 200 in 119ms
 GET /api/chart/ticker 200 in 94ms
 GET /api/chart/ticker 200 in 99ms
 GET /api/chart/ticker 200 in 12ms
 GET /strategies/editor 200 in 94ms
 GET /api/chart/ticker 200 in 25ms
 GET /api/chart/ticker 200 in 91ms
 GET /api/chart/ticker 200 in 95ms
 GET /api/chart/ticker 200 in 92ms
 GET /api/chart/ticker 200 in 111ms
 GET /api/chart/ticker 200 in 91ms
 GET /api/chart/ticker 200 in 93ms
 GET /api/chart/ticker 200 in 96ms
 GET /api/chart/ticker 200 in 94ms
 GET /api/chart/ticker 200 in 107ms
 GET /api/chart/ticker 200 in 94ms
 GET /api/chart/ticker 200 in 90ms
 GET /api/chart/ticker 200 in 105ms
 GET /api/chart/ticker 200 in 98ms
 GET /api/chart/ticker 200 in 95ms
 GET /api/chart/ticker 200 in 12ms
 GET /strategies/editor 200 in 72ms
 GET /api/chart/ticker 200 in 105ms
 GET /api/chart/ticker 200 in 119ms
 GET /api/chart/ticker 200 in 88ms
 GET /api/chart/ticker 200 in 92ms
 GET /api/chart/ticker 200 in 87ms
 GET /api/chart/ticker 200 in 99ms
 GET /api/chart/ticker 200 in 96ms
 GET /api/chart/ticker 200 in 111ms
 GET /api/chart/ticker 200 in 9ms
 GET /api/chart/ticker 200 in 89ms
 GET /api/chart/ticker 200 in 100ms
 GET /api/chart/ticker 200 in 113ms
 GET /api/chart/ticker 200 in 96ms
 GET /api/chart/ticker 200 in 101ms
 GET /api/chart/ticker 200 in 102ms
 GET /api/chart/ticker 200 in 98ms
 GET /api/chart/ticker 200 in 97ms
 GET /api/chart/ticker 200 in 98ms
 GET /api/chart/ticker 200 in 110ms
 GET /api/chart/ticker 200 in 103ms
 GET /api/chart/ticker 200 in 11ms
 GET /api/chart/ticker 200 in 89ms
 GET /api/chart/ticker 200 in 115ms
 GET /api/chart/ticker 200 in 98ms
 GET /api/chart/ticker 200 in 93ms
 GET /api/chart/ticker 200 in 103ms
 GET /api/chart/ticker 200 in 11ms
 GET /strategies/editor 200 in 65ms
 GET /api/chart/ticker 200 in 24ms
 GET /api/chart/ticker 200 in 90ms
 GET /api/chart/ticker 200 in 101ms
 GET /api/chart/ticker 200 in 101ms
 GET /api/chart/ticker 200 in 96ms
 GET /api/chart/ticker 200 in 98ms
 GET /api/chart/ticker 200 in 90ms
 GET /api/chart/ticker 200 in 95ms
 GET /api/chart/ticker 200 in 105ms
 GET /api/chart/ticker 200 in 110ms
 GET /api/chart/ticker 200 in 100ms
 GET /api/chart/ticker 200 in 11ms
 GET /api/chart/ticker 200 in 91ms
 GET /api/chart/ticker 200 in 94ms
 GET /api/chart/ticker 200 in 98ms
 GET /api/chart/ticker 200 in 101ms
 GET /strategies/editor 200 in 70ms
 GET /api/chart/ticker 200 in 27ms
 GET /api/chart/ticker 200 in 86ms
 GET /api/chart/ticker 200 in 103ms
 GET /api/chart/ticker 200 in 90ms
 GET /api/chart/ticker 200 in 95ms
 GET /api/chart/ticker 200 in 100ms
 GET /api/chart/ticker 200 in 87ms
 GET /api/chart/ticker 200 in 96ms
 GET /api/chart/ticker 200 in 110ms
 GET /api/chart/ticker 200 in 97ms
 GET /api/chart/ticker 200 in 97ms
 GET /api/chart/ticker 200 in 89ms
 GET /api/chart/ticker 200 in 10ms
 GET /api/chart/ticker 200 in 87ms
 ○ Compiling /strategies ...
 ✓ Compiled /strategies in 707ms (877 modules)
 GET /strategies 200 in 833ms
 GET /strategies 200 in 39ms
 GET /strategies/editor 200 in 27ms
 GET /api/chart/ticker 200 in 105ms
 GET /api/chart/ticker 200 in 87ms
 GET /api/chart/ticker 200 in 95ms
 GET /api/chart/ticker 200 in 96ms
 GET /api/chart/ticker 200 in 98ms
 GET /api/chart/ticker 200 in 95ms
 GET /api/chart/ticker 200 in 98ms
 GET /api/chart/ticker 200 in 98ms
 GET /api/chart/ticker 200 in 90ms
 GET /api/chart/ticker 200 in 94ms
 GET /api/chart/ticker 200 in 91ms
 GET /strategies/editor 200 in 206ms
 GET /api/chart/ticker 200 in 105ms
 GET /api/chart/ticker 200 in 93ms
 GET /api/chart/ticker 200 in 89ms
 GET /api/chart/ticker 200 in 94ms
 GET /api/chart/ticker 200 in 94ms
 GET /api/chart/ticker 200 in 96ms
 GET /api/chart/ticker 200 in 99ms
 GET /api/chart/ticker 200 in 97ms
 GET /api/chart/ticker 200 in 107ms
 GET /api/chart/ticker 200 in 88ms
 GET /api/chart/ticker 200 in 90ms
 GET /api/chart/ticker 200 in 89ms
 GET /api/chart/ticker 200 in 96ms
 GET /api/chart/ticker 200 in 101ms
 GET /api/chart/ticker 200 in 91ms
 GET /api/chart/ticker 200 in 96ms
 GET /api/chart/ticker 200 in 97ms
 GET /api/chart/ticker 200 in 92ms
 GET /api/chart/ticker 200 in 106ms
 GET /api/chart/ticker 200 in 87ms
 GET /api/chart/ticker 200 in 95ms
 GET /api/chart/ticker 200 in 97ms
 GET /api/chart/ticker 200 in 101ms
 GET /api/chart/ticker 200 in 88ms
 GET /api/chart/ticker 200 in 91ms
 GET /api/chart/ticker 200 in 10ms
 GET /strategies/editor 200 in 67ms
 GET /api/chart/ticker 200 in 103ms
 GET /api/chart/ticker 200 in 86ms
 GET /api/chart/ticker 200 in 89ms
 GET /api/chart/ticker 200 in 112ms
 GET /api/chart/ticker 200 in 96ms
 GET /api/chart/ticker 200 in 107ms
 GET /api/chart/ticker 200 in 99ms
 GET /api/chart/ticker 200 in 94ms
 GET /api/chart/ticker 200 in 91ms
 GET /api/chart/ticker 200 in 100ms
 GET /api/chart/ticker 200 in 102ms
 GET /api/chart/ticker 200 in 90ms
 GET /api/chart/ticker 200 in 89ms
 GET /api/chart/ticker 200 in 13ms
 GET /strategies/editor 200 in 64ms
 GET /api/chart/ticker 200 in 26ms
 GET /api/chart/ticker 200 in 96ms
 GET /api/chart/ticker 200 in 97ms
 GET /api/chart/ticker 200 in 98ms
 GET /api/chart/ticker 200 in 93ms
 GET /api/chart/ticker 200 in 95ms
 GET /api/chart/ticker 200 in 98ms
 GET /api/chart/ticker 200 in 91ms
 GET /api/chart/ticker 200 in 96ms
 GET /api/chart/ticker 200 in 99ms
 GET /api/chart/ticker 200 in 87ms
 GET /api/chart/ticker 200 in 88ms
 GET /api/chart/ticker 200 in 84ms
 GET /api/chart/ticker 200 in 94ms
 GET /api/chart/ticker 200 in 110ms
 GET /api/chart/ticker 200 in 107ms
 GET /api/chart/ticker 200 in 97ms
 GET /api/chart/ticker 200 in 92ms
 GET /api/chart/ticker 200 in 96ms
 GET /api/chart/ticker 200 in 11ms
 GET /strategies/editor 200 in 64ms
 GET /api/chart/ticker 200 in 23ms
 GET /api/chart/ticker 200 in 96ms
 GET /api/chart/ticker 200 in 92ms
 GET /api/chart/ticker 200 in 102ms
 GET /api/chart/ticker 200 in 87ms
 GET /api/chart/ticker 200 in 98ms
 GET /api/chart/ticker 200 in 90ms
 GET /api/chart/ticker 200 in 95ms
 GET /api/chart/ticker 200 in 86ms
 GET /api/chart/ticker 200 in 115ms
 GET /api/chart/ticker 200 in 96ms
 GET /api/chart/ticker 200 in 92ms
 GET /api/chart/ticker 200 in 92ms
 GET /api/chart/ticker 200 in 95ms
 GET /api/chart/ticker 200 in 98ms
 GET /api/chart/ticker 200 in 98ms
 GET /api/chart/ticker 200 in 101ms
 GET /api/chart/ticker 200 in 103ms
 GET /api/chart/ticker 200 in 100ms
 GET /api/chart/ticker 200 in 96ms
 GET /api/chart/ticker 200 in 93ms
 GET /api/chart/ticker 200 in 95ms
 GET /api/chart/ticker 200 in 90ms
 GET /api/chart/ticker 200 in 85ms
 GET /api/chart/ticker 200 in 94ms
 GET /api/chart/ticker 200 in 109ms
 GET /strategies/editor 200 in 69ms
 GET /api/chart/ticker 200 in 24ms
 GET /api/chart/ticker 200 in 95ms
 GET /api/chart/ticker 200 in 91ms
 GET /api/chart/ticker 200 in 91ms
 GET /api/chart/ticker 200 in 94ms
 GET /api/chart/ticker 200 in 101ms
 GET /api/chart/ticker 200 in 96ms
 GET /api/chart/ticker 200 in 98ms
 GET /api/chart/ticker 200 in 107ms
 GET /api/chart/ticker 200 in 90ms
 GET /api/chart/ticker 200 in 93ms
 GET /api/chart/ticker 200 in 85ms
 GET /api/chart/ticker 200 in 91ms
 GET /api/chart/ticker 200 in 90ms
 GET /api/chart/ticker 200 in 93ms
 GET /api/chart/ticker 200 in 98ms
 GET /strategies/editor 200 in 67ms
 GET /api/chart/ticker 200 in 30ms
 GET /api/chart/ticker 200 in 109ms
 GET /api/chart/ticker 200 in 97ms
 GET /api/chart/ticker 200 in 90ms
 GET /api/chart/ticker 200 in 91ms
 GET /api/chart/ticker 200 in 97ms
 GET /api/chart/ticker 200 in 98ms
 GET /api/chart/ticker 200 in 116ms
 GET /api/chart/ticker 200 in 91ms
 GET /api/chart/ticker 200 in 90ms
 GET /api/chart/ticker 200 in 100ms
 GET /api/chart/ticker 200 in 104ms
 GET /api/chart/ticker 200 in 96ms
 GET /api/chart/ticker 200 in 95ms
 GET /api/chart/ticker 200 in 91ms
 GET /api/chart/ticker 200 in 124ms
 GET /api/chart/ticker 200 in 101ms
 GET /strategies/editor 200 in 61ms
 GET /api/chart/ticker 200 in 25ms
 GET /api/chart/ticker 200 in 105ms
 GET /api/chart/ticker 200 in 89ms
 GET /api/chart/ticker 200 in 95ms
 GET /api/chart/ticker 200 in 93ms
 GET /api/chart/ticker 200 in 95ms
 GET /api/chart/ticker 200 in 96ms
 GET /api/chart/ticker 200 in 92ms
 GET /api/chart/ticker 200 in 96ms
 GET /api/chart/ticker 200 in 90ms
 GET /api/chart/ticker 200 in 99ms
 GET /api/chart/ticker 200 in 95ms
 GET /api/chart/ticker 200 in 96ms
 GET /api/chart/ticker 200 in 99ms
 GET /strategies/editor 200 in 62ms
 GET /api/chart/ticker 200 in 23ms
 GET /api/chart/ticker 200 in 104ms
 GET /api/chart/ticker 200 in 99ms
 GET /api/chart/ticker 200 in 92ms
 GET /api/chart/ticker 200 in 97ms
 GET /api/chart/ticker 200 in 98ms
 GET /api/chart/ticker 200 in 90ms
 GET /api/chart/ticker 200 in 93ms
 GET /api/chart/ticker 200 in 95ms
 GET /api/chart/ticker 200 in 96ms
 GET /api/chart/ticker 200 in 92ms
 GET /api/chart/ticker 200 in 92ms
 GET /api/chart/ticker 200 in 90ms
 GET /api/chart/ticker 200 in 104ms
 GET /strategies/editor 200 in 68ms
 GET /api/chart/ticker 200 in 30ms
 GET /api/chart/ticker 200 in 107ms
 GET /api/chart/ticker 200 in 101ms
 GET /api/chart/ticker 200 in 92ms
 GET /api/chart/ticker 200 in 89ms
 GET /api/chart/ticker 200 in 104ms
 GET /api/chart/ticker 200 in 98ms
 GET /api/chart/ticker 200 in 95ms
 GET /api/chart/ticker 200 in 88ms
 GET /api/chart/ticker 200 in 88ms
 GET /api/chart/ticker 200 in 108ms
 GET /api/chart/ticker 200 in 98ms
 GET /api/chart/ticker 200 in 84ms
 GET /api/chart/ticker 200 in 106ms
 GET /api/chart/ticker 200 in 96ms
 GET /strategies/editor 200 in 68ms
 GET /api/chart/ticker 200 in 27ms
 GET /api/chart/ticker 200 in 98ms
 GET /api/chart/ticker 200 in 110ms
 GET /api/chart/ticker 200 in 99ms
 GET /api/chart/ticker 200 in 108ms
 GET /api/chart/ticker 200 in 112ms
 GET /api/chart/ticker 200 in 90ms
 GET /api/chart/ticker 200 in 97ms
 GET /api/chart/ticker 200 in 96ms
 GET /api/chart/ticker 200 in 116ms
 GET /api/chart/ticker 200 in 106ms
 GET /api/chart/ticker 200 in 96ms
 GET /api/chart/ticker 200 in 95ms
 GET /api/chart/ticker 200 in 88ms
 GET /api/chart/ticker 200 in 93ms
 GET /api/chart/ticker 200 in 99ms
 GET /api/chart/ticker 200 in 94ms
 GET /strategies/editor 200 in 65ms
 GET /api/chart/ticker 200 in 28ms
 GET /api/chart/ticker 200 in 94ms
 GET /api/chart/ticker 200 in 95ms
 GET /api/chart/ticker 200 in 106ms
 GET /api/chart/ticker 200 in 91ms
 GET /api/chart/ticker 200 in 107ms
 GET /api/chart/ticker 200 in 95ms
 GET /api/chart/ticker 200 in 101ms
 GET /api/chart/ticker 200 in 87ms
 GET /api/chart/ticker 200 in 94ms
 GET /api/chart/ticker 200 in 11ms
 GET /api/chart/ticker 200 in 90ms
 GET /api/chart/ticker 200 in 92ms
 GET /api/chart/ticker 200 in 96ms
 GET /api/chart/ticker 200 in 113ms
 GET /api/chart/ticker 200 in 96ms
 GET /api/chart/ticker 200 in 94ms
 GET /api/chart/ticker 200 in 129ms
 GET /api/chart/ticker 200 in 88ms
 GET /api/chart/ticker 200 in 101ms
 GET /api/chart/ticker 200 in 103ms
 GET /api/chart/ticker 200 in 95ms
 GET /api/chart/ticker 200 in 96ms
 GET /api/chart/ticker 200 in 91ms
 GET /api/chart/ticker 200 in 99ms
 GET /api/chart/ticker 200 in 90ms
 GET /api/chart/ticker 200 in 11ms
 GET /api/chart/ticker 200 in 94ms
 GET /api/chart/ticker 200 in 95ms
 ✓ Compiled in 434ms (877 modules)
 ✓ Compiled in 95ms (318 modules)
 GET /strategies/editor 200 in 85ms
 GET /strategies/editor 200 in 28ms
 GET /api/chart/ticker 200 in 103ms
 GET /api/chart/ticker 200 in 89ms
 GET /strategies/editor 200 in 200ms
 GET /api/chart/ticker 200 in 223ms
 GET /api/chart/ticker 200 in 270ms
 GET /api/chart/ticker 200 in 115ms
 GET /api/chart/ticker 200 in 89ms
 GET /api/chart/ticker 200 in 95ms
 GET /api/chart/ticker 200 in 91ms
 GET /api/chart/ticker 200 in 104ms
 GET /api/chart/ticker 200 in 91ms
 GET /api/chart/ticker 200 in 99ms
 GET /api/chart/ticker 200 in 92ms
 GET /api/chart/ticker 200 in 93ms
 GET /api/chart/ticker 200 in 101ms
 GET /api/chart/ticker 200 in 96ms
 GET /api/chart/ticker 200 in 119ms
 GET /api/chart/ticker 200 in 93ms
 GET /api/chart/ticker 200 in 89ms
 GET /api/chart/ticker 200 in 116ms
 GET /api/chart/ticker 200 in 93ms
 GET /strategies/editor 200 in 62ms
 GET /api/chart/ticker 200 in 25ms
 GET /api/chart/ticker 200 in 89ms
 GET /api/chart/ticker 200 in 96ms
 GET /api/chart/ticker 200 in 93ms
 GET /api/chart/ticker 200 in 93ms
 GET /api/chart/ticker 200 in 87ms
 GET /api/chart/ticker 200 in 100ms
 GET /api/chart/ticker 200 in 101ms
 GET /api/chart/ticker 200 in 87ms
 GET /api/chart/ticker 200 in 92ms
 GET /api/chart/ticker 200 in 91ms
 GET /api/chart/ticker 200 in 94ms
 GET /api/chart/ticker 200 in 93ms
 GET /api/chart/ticker 200 in 91ms
 GET /api/chart/ticker 200 in 90ms
 GET /api/chart/ticker 200 in 93ms
 ✓ Compiled in 347ms (877 modules)
 GET /strategies/editor 200 in 94ms
 GET /api/chart/ticker 200 in 123ms
 GET /api/chart/ticker 200 in 89ms
 GET /api/chart/ticker 200 in 89ms
 ✓ Compiled in 285ms (877 modules)
 GET /strategies/editor 200 in 68ms
 GET /api/chart/ticker 200 in 95ms
 GET /api/chart/ticker 200 in 95ms
 GET /api/chart/ticker 200 in 100ms
 GET /strategies/editor 200 in 238ms
 GET /api/chart/ticker 200 in 28ms
 GET /api/chart/ticker 200 in 91ms
 GET /api/chart/ticker 200 in 97ms
 GET /api/chart/ticker 200 in 97ms
 GET /api/chart/ticker 200 in 84ms
 GET /api/chart/ticker 200 in 88ms
 ✓ Compiled in 303ms (877 modules)
 GET /strategies/editor 200 in 66ms
 ✓ Compiled in 215ms (877 modules)
 GET /strategies/editor 200 in 67ms
 GET /api/chart/ticker 200 in 102ms
 GET /api/chart/ticker 200 in 100ms
 GET /api/chart/ticker 200 in 104ms
 GET /api/chart/ticker 200 in 89ms
 GET /api/chart/ticker 200 in 93ms
 GET /api/chart/ticker 200 in 86ms
 GET /api/chart/ticker 200 in 94ms
 GET /api/chart/ticker 200 in 88ms
 GET /api/chart/ticker 200 in 85ms
 GET /api/chart/ticker 200 in 93ms
 GET /api/chart/ticker 200 in 89ms
 GET /api/chart/ticker 200 in 215ms
 GET /api/chart/ticker 200 in 93ms
 GET /api/chart/ticker 200 in 86ms
 GET /api/chart/ticker 200 in 89ms
 GET /api/chart/ticker 200 in 94ms
 GET /api/chart/ticker 200 in 89ms
 GET /api/chart/ticker 200 in 91ms
 GET /api/chart/ticker 200 in 88ms
 GET /api/chart/ticker 200 in 92ms
 GET /api/chart/ticker 200 in 94ms
 GET /api/chart/ticker 200 in 105ms
 GET /api/chart/ticker 200 in 105ms
 GET /api/chart/ticker 200 in 98ms
 GET /api/chart/ticker 200 in 95ms
 GET /api/chart/ticker 200 in 94ms
 GET /api/chart/ticker 200 in 91ms
 GET /api/chart/ticker 200 in 91ms
 GET /api/chart/ticker 200 in 88ms
 GET /api/chart/ticker 200 in 88ms
 GET /api/chart/ticker 200 in 107ms
 GET /api/chart/ticker 200 in 91ms
 GET /api/chart/ticker 200 in 101ms
 GET /api/chart/ticker 200 in 91ms
 GET /api/chart/ticker 200 in 95ms
 GET /api/chart/ticker 200 in 98ms
 GET /api/chart/ticker 200 in 86ms
 GET /api/chart/ticker 200 in 104ms
 GET /api/chart/ticker 200 in 96ms
 GET /api/chart/ticker 200 in 95ms
 ○ Compiling / ...
 ✓ Compiled / in 557ms (890 modules)
 GET / 200 in 660ms
 GET / 200 in 22ms
 ✓ Compiled /api/news in 399ms (896 modules)
 GET /api/btc/klines 200 in 13ms
 GET /api/btc/summary 200 in 20ms
 GET /api/news 200 in 13ms
 GET /api/btc/klines 200 in 585ms
 GET / 200 in 71ms
 GET /api/news 200 in 641ms
 GET /api/btc/summary 200 in 646ms
 GET /api/chart/ticker 200 in 11ms
 GET /api/chart/ticker 200 in 88ms
 GET / 200 in 239ms
 GET /api/btc/klines 200 in 63ms
 GET /api/news 200 in 69ms
 GET /api/chart/ticker 200 in 161ms
 GET /api/btc/summary 200 in 157ms
 GET /api/chart/ticker 200 in 90ms
 GET /api/chart/ticker 200 in 93ms
 GET /api/btc/summary 200 in 97ms
 GET /api/chart/ticker 200 in 86ms
 GET /api/btc/summary 200 in 96ms
 GET /api/chart/ticker 200 in 101ms
 GET /api/chart/ticker 200 in 86ms
 GET /api/chart/ticker 200 in 95ms
 GET /api/btc/summary 200 in 102ms
 GET /api/btc/summary 200 in 96ms
 GET /api/btc/summary 200 in 94ms
 GET /api/chart/ticker 200 in 90ms
 GET /api/btc/summary 200 in 86ms
 GET /api/chart/ticker 200 in 95ms
 GET /api/btc/summary 200 in 256ms
 GET /api/chart/ticker 200 in 92ms
 GET /api/btc/summary 200 in 94ms
 GET /api/news 200 in 131ms
 GET /api/chart/ticker 200 in 100ms
 GET /api/btc/summary 200 in 102ms
 GET /api/btc/summary 200 in 103ms
 GET /api/chart/ticker 200 in 105ms
 GET /api/btc/summary 200 in 101ms
 GET /api/chart/ticker 200 in 104ms
 GET /api/btc/summary 200 in 102ms
 GET /api/chart/ticker 200 in 104ms
 GET /api/chart/ticker 200 in 107ms
 GET /api/btc/summary 200 in 210ms
 GET /api/news 200 in 8ms
 GET /api/btc/summary 200 in 91ms
 GET /api/chart/ticker 200 in 108ms
 GET /api/chart/ticker 200 in 100ms
 GET /api/btc/summary 200 in 220ms
 GET /api/btc/summary 200 in 94ms
 GET /api/chart/ticker 200 in 104ms
 GET /api/chart/ticker 200 in 108ms
 GET /api/btc/summary 200 in 215ms
 GET /api/btc/summary 200 in 100ms
 GET /api/chart/ticker 200 in 104ms
 GET /api/news 200 in 130ms
 GET /api/chart/ticker 200 in 95ms
 GET /api/btc/summary 200 in 99ms
 GET /api/chart/ticker 200 in 109ms
 GET /api/btc/summary 200 in 112ms
 GET /api/chart/ticker 200 in 92ms
 GET /api/btc/summary 200 in 92ms
 GET /api/chart/ticker 200 in 87ms
 GET /api/btc/summary 200 in 107ms
 GET /api/chart/ticker 200 in 114ms
 GET /api/btc/summary 200 in 205ms
 GET /api/news 200 in 10ms
 GET /api/chart/ticker 200 in 91ms
 GET /api/btc/summary 200 in 91ms
 GET /api/chart/ticker 200 in 104ms
 GET /api/btc/summary 200 in 104ms
 GET /api/chart/ticker 200 in 88ms
